<!DOCTYPE html PUBLIC "-//W3C//DTD XHTML 1.1//EN" "http://www.w3.org/TR/xhtml11/DTD/xhtml11.dtd">
<html xmlns="http://www.w3.org/1999/xhtml"><head><title>TestNG Report</title><style type="text/css">table {margin-bottom:10px;border-collapse:collapse;empty-cells:show}th,td {border:1px solid #009;padding:.25em .5em}th {vertical-align:bottom}td {vertical-align:top}table a {font-weight:bold}.stripe td {background-color: #E6EBF9}.num {text-align:right}.passedodd td {background-color: #3F3}.passedeven td {background-color: #0A0}.skippedodd td {background-color: #DDD}.skippedeven td {background-color: #CCC}.failedodd td,.attn {background-color: #F33}.failedeven td,.stripe .attn {background-color: #D00}.stacktrace {white-space:pre;font-family:monospace}.totop {font-size:85%;text-align:center;border-bottom:2px solid #000}</style></head><body><table><tr><th>Test</th><th># Passed</th><th># Skipped</th><th># Failed</th><th>Time (ms)</th><th>Included Groups</th><th>Excluded Groups</th></tr><tr><th colspan="7">Suite</th></tr><tr><td><a href="#t0">AllClassesTestNG</a></td><td class="num">43</td><td class="num">0</td><td class="num attn">8</td><td class="num">348,791</td><td></td><td></td></tr></table><table><thead><tr><th>Class</th><th>Method</th><th>Start</th><th>Time (ms)</th></tr></thead><tbody><tr><th colspan="4">Suite</th></tr></tbody><tbody id="t0"><tr><th colspan="4">AllClassesTestNG &#8212; failed</th></tr><tr class="failedeven"><td rowspan="1">Testcases.DashboardTest</td><td><a href="#m0">ReadDashboardDataTest</a></td><td rowspan="1">1621421080553</td><td rowspan="1">12517</td></tr><tr class="failedodd"><td rowspan="5">Testcases.LoginTest</td><td><a href="#m1">FailureTest11</a></td><td rowspan="1">1621421129374</td><td rowspan="1">1</td></tr><tr class="failedodd"><td><a href="#m2">FailureTest22</a></td><td rowspan="1">1621421133130</td><td rowspan="1">1</td></tr><tr class="failedodd"><td><a href="#m3">LoginWithDataProviderManualTest</a></td><td rowspan="2">1621421152310</td><td rowspan="2">10439</td></tr><tr class="failedodd"><td><a href="#m4">LoginWithDataProviderManualTest</a></td></tr><tr class="failedodd"><td><a href="#m5">RegisterNewMemberWithDataProviderManualTest</a></td><td rowspan="1">1621421211301</td><td rowspan="1">1675</td></tr><tr class="failedeven"><td rowspan="2">Testcases.UsersTest</td><td><a href="#m6">AddUserAlertMessageTest</a></td><td rowspan="1">1621421274523</td><td rowspan="1">1833</td></tr><tr class="failedeven"><td><a href="#m7">AddUserWithDataProviderManualTest</a></td><td rowspan="1">1621421337496</td><td rowspan="1">12725</td></tr><tr><th colspan="4">AllClassesTestNG &#8212; passed</th></tr><tr class="passedeven"><td rowspan="4">Testcases.DashboardTest</td><td><a href="#m8">DashboardHeadingTest</a></td><td rowspan="1">1621421071646</td><td rowspan="1">101</td></tr><tr class="passedeven"><td><a href="#m9">LogoHeadingTest</a></td><td rowspan="1">1621421076296</td><td rowspan="1">51</td></tr><tr class="passedeven"><td><a href="#m10">UsernameTest</a></td><td rowspan="1">1621421100920</td><td rowspan="1">96</td></tr><tr class="passedeven"><td><a href="#m11">dashboardLinkTest</a></td><td rowspan="1">1621421106155</td><td rowspan="1">313</td></tr><tr class="passedodd"><td rowspan="18">Testcases.LoginTest</td><td><a href="#m12">EmailfieldTest</a></td><td rowspan="1">1621421125311</td><td rowspan="1">331</td></tr><tr class="passedodd"><td><a href="#m13">LoginWithDataProviderExcelTest</a></td><td rowspan="3">1621421147743</td><td rowspan="3">415</td></tr><tr class="passedodd"><td><a href="#m14">LoginWithDataProviderExcelTest</a></td></tr><tr class="passedodd"><td><a href="#m15">LoginWithDataProviderExcelTest</a></td></tr><tr class="passedodd"><td><a href="#m16">LoginWithDataProviderManualTest</a></td><td rowspan="1">1621421181811</td><td rowspan="1">753</td></tr><tr class="passedodd"><td><a href="#m17">PasswordfieldTest</a></td><td rowspan="1">1621421187204</td><td rowspan="1">267</td></tr><tr class="passedodd"><td><a href="#m18">RegisterNewMemberWithDataProviderExcelTest</a></td><td rowspan="3">1621421191947</td><td rowspan="3">3025</td></tr><tr class="passedodd"><td><a href="#m19">RegisterNewMemberWithDataProviderExcelTest</a></td></tr><tr class="passedodd"><td><a href="#m20">RegisterNewMemberWithDataProviderExcelTest</a></td></tr><tr class="passedodd"><td><a href="#m21">RegisterNewMemberWithDataProviderManualTest</a></td><td rowspan="4">1621421224163</td><td rowspan="4">2748</td></tr><tr class="passedodd"><td><a href="#m22">RegisterNewMemberWithDataProviderManualTest</a></td></tr><tr class="passedodd"><td><a href="#m23">RegisterNewMemberWithDataProviderManualTest</a></td></tr><tr class="passedodd"><td><a href="#m24">RegisterNewMemberWithDataProviderManualTest</a></td></tr><tr class="passedodd"><td><a href="#m25">SignButtonEnableTest</a></td><td rowspan="1">1621421244017</td><td rowspan="1">47</td></tr><tr class="passedodd"><td><a href="#m26">SignInButtonDisplayTest</a></td><td rowspan="1">1621421247340</td><td rowspan="1">289</td></tr><tr class="passedodd"><td><a href="#m27">ValidLoginTest</a></td><td rowspan="1">1621421251257</td><td rowspan="1">2557</td></tr><tr class="passedodd"><td><a href="#m28">loginTest</a></td><td rowspan="1">1621421257613</td><td rowspan="1">561</td></tr><tr class="passedodd"><td><a href="#m29">registerNewmemeberTest</a></td><td rowspan="1">1621421262264</td><td rowspan="1">2840</td></tr><tr class="passedeven"><td rowspan="1">Testcases.LogoutTest</td><td><a href="#m30">logoutmessagetest</a></td><td rowspan="1">1621421270016</td><td rowspan="1">36</td></tr><tr class="passedodd"><td rowspan="3">Testcases.OperatorTest</td><td><a href="#m31">OperatorsHeadingTest</a></td><td rowspan="1">1621421111847</td><td rowspan="1">50</td></tr><tr class="passedodd"><td><a href="#m32">Operators_ListTest</a></td><td rowspan="1">1621421116148</td><td rowspan="1">64</td></tr><tr class="passedodd"><td><a href="#m33">ReadOperatorListTableTest</a></td><td rowspan="1">1621421120389</td><td rowspan="1">695</td></tr><tr class="passedeven"><td rowspan="17">Testcases.UsersTest</td><td><a href="#m34">AddUserButtonTest</a></td><td rowspan="1">1621421280843</td><td rowspan="1">218</td></tr><tr class="passedeven"><td><a href="#m35">AddUserCancelButtonTest</a></td><td rowspan="1">1621421286744</td><td rowspan="1">2635</td></tr><tr class="passedeven"><td><a href="#m36">AddUserFormTest</a></td><td rowspan="1">1621421294676</td><td rowspan="1">270</td></tr><tr class="passedeven"><td><a href="#m37">AddUserHeadingTest</a></td><td rowspan="1">1621421299371</td><td rowspan="1">270</td></tr><tr class="passedeven"><td><a href="#m38">AddUserWithDataProviderExcelTest</a></td><td rowspan="4">1621421304261</td><td rowspan="4">3147</td></tr><tr class="passedeven"><td><a href="#m39">AddUserWithDataProviderExcelTest</a></td></tr><tr class="passedeven"><td><a href="#m40">AddUserWithDataProviderExcelTest</a></td></tr><tr class="passedeven"><td><a href="#m41">AddUserWithDataProviderExcelTest</a></td></tr><tr class="passedeven"><td><a href="#m42">AddUserWithDataProviderManualTest</a></td><td rowspan="4">1621421355793</td><td rowspan="4">3329</td></tr><tr class="passedeven"><td><a href="#m43">AddUserWithDataProviderManualTest</a></td></tr><tr class="passedeven"><td><a href="#m44">AddUserWithDataProviderManualTest</a></td></tr><tr class="passedeven"><td><a href="#m45">AddUserWithDataProviderManualTest</a></td></tr><tr class="passedeven"><td><a href="#m46">AddValidUserTest</a></td><td rowspan="1">1621421386899</td><td rowspan="1">3269</td></tr><tr class="passedeven"><td><a href="#m47">ReadUserListTableDataTest</a></td><td rowspan="1">1621421394813</td><td rowspan="1">866</td></tr><tr class="passedeven"><td><a href="#m48">StateOptionTest</a></td><td rowspan="1">1621421401438</td><td rowspan="1">413</td></tr><tr class="passedeven"><td><a href="#m49">UserHeadingTest</a></td><td rowspan="1">1621421408069</td><td rowspan="1">47</td></tr><tr class="passedeven"><td><a href="#m50">UserListHeadingTest</a></td><td rowspan="1">1621421413869</td><td rowspan="1">48</td></tr></tbody></table><h2>AllClassesTestNG</h2><h3 id="m0">Testcases.DashboardTest#ReadDashboardDataTest</h3><table class="result"><tr><th>Exception</th></tr><tr><td><div class="stacktrace">org.openqa.selenium.NoSuchElementException: no such element: Unable to locate element: {&quot;method&quot;:&quot;xpath&quot;,&quot;selector&quot;:&quot;//*[@class=&apos;content&apos;]//div[@class=&apos;row&apos;]/div[0]/div/div/h3&quot;}
  (Session info: chrome=90.0.4430.93)
For documentation on this error, please visit: https://www.seleniumhq.org/exceptions/no_such_element.html
Build info: version: &apos;3.141.59&apos;, revision: &apos;e82be7d358&apos;, time: &apos;2018-11-14T08:25:48&apos;
System info: host: &apos;LAPTOP-A6EPA854&apos;, ip: &apos;127.0.0.1&apos;, os.name: &apos;Windows 10&apos;, os.arch: &apos;amd64&apos;, os.version: &apos;10.0&apos;, java.version: &apos;1.8.0_291&apos;
Driver info: org.openqa.selenium.chrome.ChromeDriver
Capabilities {acceptInsecureCerts: false, browserName: chrome, browserVersion: 90.0.4430.93, chrome: {chromedriverVersion: 90.0.4430.24 (4c6d850f087da..., userDataDir: C:\Users\HP\AppData\Local\T...}, goog:chromeOptions: {debuggerAddress: localhost:63108}, javascriptEnabled: true, networkConnectionEnabled: false, pageLoadStrategy: normal, platform: WINDOWS, platformName: WINDOWS, proxy: Proxy(), setWindowRect: true, strictFileInteractability: false, timeouts: {implicit: 0, pageLoad: 300000, script: 30000}, unhandledPromptBehavior: dismiss and notify, webauthn:extension:largeBlob: true, webauthn:virtualAuthenticators: true}
Session ID: 6a801e8a232505518cce8e477eb5c9fa
*** Element info: {Using=xpath, value=//*[@class=&apos;content&apos;]//div[@class=&apos;row&apos;]/div[0]/div/div/h3}
	at org.openqa.selenium.remote.http.W3CHttpResponseCodec.createException(W3CHttpResponseCodec.java:187)
	at org.openqa.selenium.remote.http.W3CHttpResponseCodec.decode(W3CHttpResponseCodec.java:122)
	at org.openqa.selenium.remote.http.W3CHttpResponseCodec.decode(W3CHttpResponseCodec.java:49)
	at org.openqa.selenium.remote.HttpCommandExecutor.execute(HttpCommandExecutor.java:158)
	at org.openqa.selenium.remote.service.DriverCommandExecutor.execute(DriverCommandExecutor.java:83)
	at org.openqa.selenium.remote.RemoteWebDriver.execute(RemoteWebDriver.java:552)
	at org.openqa.selenium.remote.RemoteWebDriver.findElement(RemoteWebDriver.java:323)
	at org.openqa.selenium.remote.RemoteWebDriver.findElementByXPath(RemoteWebDriver.java:428)
	at org.openqa.selenium.By$ByXPath.findElement(By.java:353)
	at org.openqa.selenium.remote.RemoteWebDriver.findElement(RemoteWebDriver.java:315)
	at Pages.Dashboard.ReadDashBoardData(Dashboard.java:67)
	at Testcases.DashboardTest.ReadDashboardDataTest(DashboardTest.java:83)
... Removed 28 stack frames</div></td></tr></table><p class="totop"><a href="#summary">back to summary</a></p><h3 id="m1">Testcases.LoginTest#FailureTest11</h3><table class="result"><tr><th>Exception</th></tr><tr><td><div class="stacktrace">java.lang.AssertionError: expected [true] but found [false]
	at Testcases.LoginTest.FailureTest11(LoginTest.java:130)
... Removed 28 stack frames</div></td></tr></table><p class="totop"><a href="#summary">back to summary</a></p><h3 id="m2">Testcases.LoginTest#FailureTest22</h3><table class="result"><tr><th>Exception</th></tr><tr><td><div class="stacktrace">java.lang.AssertionError: expected [false] but found [true]
	at Testcases.LoginTest.FailureTest22(LoginTest.java:137)
... Removed 28 stack frames</div></td></tr></table><p class="totop"><a href="#summary">back to summary</a></p><h3 id="m3">Testcases.LoginTest#LoginWithDataProviderManualTest</h3><table class="result"><tr class="param"><th>Parameter #1</th><th>Parameter #2</th></tr><tr class="param stripe"><td></td><td></td></tr><tr><th colspan="2">Exception</th></tr><tr><td colspan="2"><div class="stacktrace">org.openqa.selenium.NoSuchElementException: no such element: Unable to locate element: {&quot;method&quot;:&quot;xpath&quot;,&quot;selector&quot;:&quot;//*[@class=&apos;logo-lg&apos;]/b&quot;}
  (Session info: chrome=90.0.4430.93)
For documentation on this error, please visit: https://www.seleniumhq.org/exceptions/no_such_element.html
Build info: version: &apos;3.141.59&apos;, revision: &apos;e82be7d358&apos;, time: &apos;2018-11-14T08:25:48&apos;
System info: host: &apos;LAPTOP-A6EPA854&apos;, ip: &apos;127.0.0.1&apos;, os.name: &apos;Windows 10&apos;, os.arch: &apos;amd64&apos;, os.version: &apos;10.0&apos;, java.version: &apos;1.8.0_291&apos;
Driver info: org.openqa.selenium.chrome.ChromeDriver
Capabilities {acceptInsecureCerts: false, browserName: chrome, browserVersion: 90.0.4430.93, chrome: {chromedriverVersion: 90.0.4430.24 (4c6d850f087da..., userDataDir: C:\Users\HP\AppData\Local\T...}, goog:chromeOptions: {debuggerAddress: localhost:63250}, javascriptEnabled: true, networkConnectionEnabled: false, pageLoadStrategy: normal, platform: WINDOWS, platformName: WINDOWS, proxy: Proxy(), setWindowRect: true, strictFileInteractability: false, timeouts: {implicit: 0, pageLoad: 300000, script: 30000}, unhandledPromptBehavior: dismiss and notify, webauthn:extension:largeBlob: true, webauthn:virtualAuthenticators: true}
Session ID: ceda8cba63a4a90472f2c3452511c5c9
*** Element info: {Using=xpath, value=//*[@class=&apos;logo-lg&apos;]/b}
	at org.openqa.selenium.remote.http.W3CHttpResponseCodec.createException(W3CHttpResponseCodec.java:187)
	at org.openqa.selenium.remote.http.W3CHttpResponseCodec.decode(W3CHttpResponseCodec.java:122)
	at org.openqa.selenium.remote.http.W3CHttpResponseCodec.decode(W3CHttpResponseCodec.java:49)
	at org.openqa.selenium.remote.HttpCommandExecutor.execute(HttpCommandExecutor.java:158)
	at org.openqa.selenium.remote.service.DriverCommandExecutor.execute(DriverCommandExecutor.java:83)
	at org.openqa.selenium.remote.RemoteWebDriver.execute(RemoteWebDriver.java:552)
	at org.openqa.selenium.remote.RemoteWebDriver.findElement(RemoteWebDriver.java:323)
	at org.openqa.selenium.remote.RemoteWebDriver.findElementByXPath(RemoteWebDriver.java:428)
	at org.openqa.selenium.By$ByXPath.findElement(By.java:353)
	at org.openqa.selenium.remote.RemoteWebDriver.findElement(RemoteWebDriver.java:315)
	at org.openqa.selenium.support.pagefactory.DefaultElementLocator.findElement(DefaultElementLocator.java:69)
	at org.openqa.selenium.support.pagefactory.internal.LocatingElementHandler.invoke(LocatingElementHandler.java:38)
	at com.sun.proxy.$Proxy12.getText(Unknown Source)
	at Pages.Dashboard.LogoHeading(Dashboard.java:41)
	at Testcases.LoginTest.LoginWithDataProviderManualTest(LoginTest.java:63)
... Removed 28 stack frames</div></td></tr></table><p class="totop"><a href="#summary">back to summary</a></p><h3 id="m4">Testcases.LoginTest#LoginWithDataProviderManualTest</h3><table class="result"><tr class="param"><th>Parameter #1</th><th>Parameter #2</th></tr><tr class="param stripe"><td>kiran123</td><td>12345</td></tr><tr><th colspan="2">Exception</th></tr><tr><td colspan="2"><div class="stacktrace">org.openqa.selenium.NoSuchElementException: no such element: Unable to locate element: {&quot;method&quot;:&quot;xpath&quot;,&quot;selector&quot;:&quot;//*[@class=&apos;logo-lg&apos;]/b&quot;}
  (Session info: chrome=90.0.4430.93)
For documentation on this error, please visit: https://www.seleniumhq.org/exceptions/no_such_element.html
Build info: version: &apos;3.141.59&apos;, revision: &apos;e82be7d358&apos;, time: &apos;2018-11-14T08:25:48&apos;
System info: host: &apos;LAPTOP-A6EPA854&apos;, ip: &apos;127.0.0.1&apos;, os.name: &apos;Windows 10&apos;, os.arch: &apos;amd64&apos;, os.version: &apos;10.0&apos;, java.version: &apos;1.8.0_291&apos;
Driver info: org.openqa.selenium.chrome.ChromeDriver
Capabilities {acceptInsecureCerts: false, browserName: chrome, browserVersion: 90.0.4430.93, chrome: {chromedriverVersion: 90.0.4430.24 (4c6d850f087da..., userDataDir: C:\Users\HP\AppData\Local\T...}, goog:chromeOptions: {debuggerAddress: localhost:63262}, javascriptEnabled: true, networkConnectionEnabled: false, pageLoadStrategy: normal, platform: WINDOWS, platformName: WINDOWS, proxy: Proxy(), setWindowRect: true, strictFileInteractability: false, timeouts: {implicit: 0, pageLoad: 300000, script: 30000}, unhandledPromptBehavior: dismiss and notify, webauthn:extension:largeBlob: true, webauthn:virtualAuthenticators: true}
Session ID: ceccb87d0f4960f93fe646e5b47de9e7
*** Element info: {Using=xpath, value=//*[@class=&apos;logo-lg&apos;]/b}
	at org.openqa.selenium.remote.http.W3CHttpResponseCodec.createException(W3CHttpResponseCodec.java:187)
	at org.openqa.selenium.remote.http.W3CHttpResponseCodec.decode(W3CHttpResponseCodec.java:122)
	at org.openqa.selenium.remote.http.W3CHttpResponseCodec.decode(W3CHttpResponseCodec.java:49)
	at org.openqa.selenium.remote.HttpCommandExecutor.execute(HttpCommandExecutor.java:158)
	at org.openqa.selenium.remote.service.DriverCommandExecutor.execute(DriverCommandExecutor.java:83)
	at org.openqa.selenium.remote.RemoteWebDriver.execute(RemoteWebDriver.java:552)
	at org.openqa.selenium.remote.RemoteWebDriver.findElement(RemoteWebDriver.java:323)
	at org.openqa.selenium.remote.RemoteWebDriver.findElementByXPath(RemoteWebDriver.java:428)
	at org.openqa.selenium.By$ByXPath.findElement(By.java:353)
	at org.openqa.selenium.remote.RemoteWebDriver.findElement(RemoteWebDriver.java:315)
	at org.openqa.selenium.support.pagefactory.DefaultElementLocator.findElement(DefaultElementLocator.java:69)
	at org.openqa.selenium.support.pagefactory.internal.LocatingElementHandler.invoke(LocatingElementHandler.java:38)
	at com.sun.proxy.$Proxy12.getText(Unknown Source)
	at Pages.Dashboard.LogoHeading(Dashboard.java:41)
	at Testcases.LoginTest.LoginWithDataProviderManualTest(LoginTest.java:63)
... Removed 28 stack frames</div></td></tr></table><p class="totop"><a href="#summary">back to summary</a></p><h3 id="m5">Testcases.LoginTest#RegisterNewMemberWithDataProviderManualTest</h3><table class="result"><tr class="param"><th>Parameter #1</th><th>Parameter #2</th><th>Parameter #3</th><th>Parameter #4</th></tr><tr class="param stripe"><td></td><td></td><td></td><td></td></tr><tr><th colspan="4">Exception</th></tr><tr><td colspan="4"><div class="stacktrace">org.openqa.selenium.NoAlertPresentException: no such alert
  (Session info: chrome=90.0.4430.93)
Build info: version: &apos;3.141.59&apos;, revision: &apos;e82be7d358&apos;, time: &apos;2018-11-14T08:25:48&apos;
System info: host: &apos;LAPTOP-A6EPA854&apos;, ip: &apos;127.0.0.1&apos;, os.name: &apos;Windows 10&apos;, os.arch: &apos;amd64&apos;, os.version: &apos;10.0&apos;, java.version: &apos;1.8.0_291&apos;
Driver info: org.openqa.selenium.chrome.ChromeDriver
Capabilities {acceptInsecureCerts: false, browserName: chrome, browserVersion: 90.0.4430.93, chrome: {chromedriverVersion: 90.0.4430.24 (4c6d850f087da..., userDataDir: C:\Users\HP\AppData\Local\T...}, goog:chromeOptions: {debuggerAddress: localhost:63333}, javascriptEnabled: true, networkConnectionEnabled: false, pageLoadStrategy: normal, platform: WINDOWS, platformName: WINDOWS, proxy: Proxy(), setWindowRect: true, strictFileInteractability: false, timeouts: {implicit: 0, pageLoad: 300000, script: 30000}, unhandledPromptBehavior: dismiss and notify, webauthn:extension:largeBlob: true, webauthn:virtualAuthenticators: true}
Session ID: 0fc2dedefaa5de51e7b03e6b084b3f9f
	at org.openqa.selenium.remote.http.W3CHttpResponseCodec.createException(W3CHttpResponseCodec.java:187)
	at org.openqa.selenium.remote.http.W3CHttpResponseCodec.decode(W3CHttpResponseCodec.java:122)
	at org.openqa.selenium.remote.http.W3CHttpResponseCodec.decode(W3CHttpResponseCodec.java:49)
	at org.openqa.selenium.remote.HttpCommandExecutor.execute(HttpCommandExecutor.java:158)
	at org.openqa.selenium.remote.service.DriverCommandExecutor.execute(DriverCommandExecutor.java:83)
	at org.openqa.selenium.remote.RemoteWebDriver.execute(RemoteWebDriver.java:552)
	at org.openqa.selenium.remote.RemoteWebDriver.execute(RemoteWebDriver.java:609)
	at org.openqa.selenium.remote.RemoteWebDriver$RemoteTargetLocator.alert(RemoteWebDriver.java:932)
	at Pages.LoginPage.RegisterNewMember(LoginPage.java:114)
	at Testcases.LoginTest.RegisterNewMemberWithDataProviderManualTest(LoginTest.java:75)
... Removed 28 stack frames</div></td></tr></table><p class="totop"><a href="#summary">back to summary</a></p><h3 id="m6">Testcases.UsersTest#AddUserAlertMessageTest</h3><table class="result"><tr><th>Exception</th></tr><tr><td><div class="stacktrace">org.openqa.selenium.StaleElementReferenceException: stale element reference: element is not attached to the page document
  (Session info: chrome=90.0.4430.93)
For documentation on this error, please visit: https://www.seleniumhq.org/exceptions/stale_element_reference.html
Build info: version: &apos;3.141.59&apos;, revision: &apos;e82be7d358&apos;, time: &apos;2018-11-14T08:25:48&apos;
System info: host: &apos;LAPTOP-A6EPA854&apos;, ip: &apos;127.0.0.1&apos;, os.name: &apos;Windows 10&apos;, os.arch: &apos;amd64&apos;, os.version: &apos;10.0&apos;, java.version: &apos;1.8.0_291&apos;
Driver info: org.openqa.selenium.chrome.ChromeDriver
Capabilities {acceptInsecureCerts: false, browserName: chrome, browserVersion: 90.0.4430.93, chrome: {chromedriverVersion: 90.0.4430.24 (4c6d850f087da..., userDataDir: C:\Users\HP\AppData\Local\T...}, goog:chromeOptions: {debuggerAddress: localhost:63465}, javascriptEnabled: true, networkConnectionEnabled: false, pageLoadStrategy: normal, platform: WINDOWS, platformName: WINDOWS, proxy: Proxy(), setWindowRect: true, strictFileInteractability: false, timeouts: {implicit: 0, pageLoad: 300000, script: 30000}, unhandledPromptBehavior: dismiss and notify, webauthn:extension:largeBlob: true, webauthn:virtualAuthenticators: true}
Session ID: 45a4e35b9ce87e95d7e4d79bda055d0c
	at org.openqa.selenium.remote.http.W3CHttpResponseCodec.createException(W3CHttpResponseCodec.java:187)
	at org.openqa.selenium.remote.http.W3CHttpResponseCodec.decode(W3CHttpResponseCodec.java:122)
	at org.openqa.selenium.remote.http.W3CHttpResponseCodec.decode(W3CHttpResponseCodec.java:49)
	at org.openqa.selenium.remote.HttpCommandExecutor.execute(HttpCommandExecutor.java:158)
	at org.openqa.selenium.remote.service.DriverCommandExecutor.execute(DriverCommandExecutor.java:83)
	at org.openqa.selenium.remote.RemoteWebDriver.execute(RemoteWebDriver.java:552)
	at org.openqa.selenium.remote.RemoteWebElement.execute(RemoteWebElement.java:285)
	at org.openqa.selenium.remote.RemoteWebElement.click(RemoteWebElement.java:84)
	at org.openqa.selenium.support.pagefactory.internal.LocatingElementHandler.invoke(LocatingElementHandler.java:51)
	at com.sun.proxy.$Proxy12.click(Unknown Source)
	at Pages.Users.AddAlertMessage(Users.java:175)
	at Testcases.UsersTest.AddUserAlertMessageTest(UsersTest.java:174)
... Removed 31 stack frames</div></td></tr></table><p class="totop"><a href="#summary">back to summary</a></p><h3 id="m7">Testcases.UsersTest#AddUserWithDataProviderManualTest</h3><table class="result"><tr class="param"><th>Parameter #1</th><th>Parameter #2</th><th>Parameter #3</th><th>Parameter #4</th><th>Parameter #5</th><th>Parameter #6</th></tr><tr class="param stripe"><td></td><td></td><td></td><td></td><td></td><td></td></tr><tr><th colspan="6">Exception</th></tr><tr><td colspan="6"><div class="stacktrace">org.openqa.selenium.NoSuchElementException: Cannot locate element with text: 
For documentation on this error, please visit: https://www.seleniumhq.org/exceptions/no_such_element.html
Build info: version: &apos;3.141.59&apos;, revision: &apos;e82be7d358&apos;, time: &apos;2018-11-14T08:25:48&apos;
System info: host: &apos;LAPTOP-A6EPA854&apos;, ip: &apos;127.0.0.1&apos;, os.name: &apos;Windows 10&apos;, os.arch: &apos;amd64&apos;, os.version: &apos;10.0&apos;, java.version: &apos;1.8.0_291&apos;
Driver info: driver.version: unknown
	at org.openqa.selenium.support.ui.Select.selectByVisibleText(Select.java:147)
	at Pages.Users.AddUser(Users.java:146)
	at Testcases.UsersTest.AddUserWithDataProviderManualTest(UsersTest.java:124)
... Removed 24 stack frames</div></td></tr></table><p class="totop"><a href="#summary">back to summary</a></p><h3 id="m8">Testcases.DashboardTest#DashboardHeadingTest</h3><table class="result"></table><p class="totop"><a href="#summary">back to summary</a></p><h3 id="m9">Testcases.DashboardTest#LogoHeadingTest</h3><table class="result"></table><p class="totop"><a href="#summary">back to summary</a></p><h3 id="m10">Testcases.DashboardTest#UsernameTest</h3><table class="result"></table><p class="totop"><a href="#summary">back to summary</a></p><h3 id="m11">Testcases.DashboardTest#dashboardLinkTest</h3><table class="result"></table><p class="totop"><a href="#summary">back to summary</a></p><h3 id="m12">Testcases.LoginTest#EmailfieldTest</h3><table class="result"></table><p class="totop"><a href="#summary">back to summary</a></p><h3 id="m13">Testcases.LoginTest#LoginWithDataProviderExcelTest</h3><table class="result"><tr class="param"><th>Parameter #1</th><th>Parameter #2</th></tr><tr class="param stripe"><td>kiran@gmail.com</td><td>123456.0</td></tr></table><p class="totop"><a href="#summary">back to summary</a></p><h3 id="m14">Testcases.LoginTest#LoginWithDataProviderExcelTest</h3><table class="result"><tr class="param"><th>Parameter #1</th><th>Parameter #2</th></tr><tr class="param stripe"><td>testgmail.com</td><td>456789.0</td></tr></table><p class="totop"><a href="#summary">back to summary</a></p><h3 id="m15">Testcases.LoginTest#LoginWithDataProviderExcelTest</h3><table class="result"><tr class="param"><th>Parameter #1</th><th>Parameter #2</th></tr><tr class="param stripe"><td>payal@gmail.com</td><td>456789.0</td></tr></table><p class="totop"><a href="#summary">back to summary</a></p><h3 id="m16">Testcases.LoginTest#LoginWithDataProviderManualTest</h3><table class="result"><tr class="param"><th>Parameter #1</th><th>Parameter #2</th></tr><tr class="param stripe"><td>kiran@gmail.com</td><td>123456</td></tr></table><p class="totop"><a href="#summary">back to summary</a></p><h3 id="m17">Testcases.LoginTest#PasswordfieldTest</h3><table class="result"></table><p class="totop"><a href="#summary">back to summary</a></p><h3 id="m18">Testcases.LoginTest#RegisterNewMemberWithDataProviderExcelTest</h3><table class="result"><tr class="param"><th>Parameter #1</th><th>Parameter #2</th><th>Parameter #3</th><th>Parameter #4</th></tr><tr class="param stripe"><td>Test</td><td>9.8345672256E10</td><td>Test@gmail.com</td><td>123456.0</td></tr></table><p class="totop"><a href="#summary">back to summary</a></p><h3 id="m19">Testcases.LoginTest#RegisterNewMemberWithDataProviderExcelTest</h3><table class="result"><tr class="param"><th>Parameter #1</th><th>Parameter #2</th><th>Parameter #3</th><th>Parameter #4</th></tr><tr class="param stripe"><td>Payal</td><td>9.8345672256E10</td><td>Payal@gmail.com</td><td>4573456.0</td></tr></table><p class="totop"><a href="#summary">back to summary</a></p><h3 id="m20">Testcases.LoginTest#RegisterNewMemberWithDataProviderExcelTest</h3><table class="result"><tr class="param"><th>Parameter #1</th><th>Parameter #2</th><th>Parameter #3</th><th>Parameter #4</th></tr><tr class="param stripe"><td>Darshan</td><td>9.8345672256E10</td><td>Darshan@gmail.com</td><td>23456.0</td></tr></table><p class="totop"><a href="#summary">back to summary</a></p><h3 id="m21">Testcases.LoginTest#RegisterNewMemberWithDataProviderManualTest</h3><table class="result"><tr class="param"><th>Parameter #1</th><th>Parameter #2</th><th>Parameter #3</th><th>Parameter #4</th></tr><tr class="param stripe"><td>Test</td><td>9834567856</td><td>Test@gmail.com</td><td>123456</td></tr></table><p class="totop"><a href="#summary">back to summary</a></p><h3 id="m22">Testcases.LoginTest#RegisterNewMemberWithDataProviderManualTest</h3><table class="result"><tr class="param"><th>Parameter #1</th><th>Parameter #2</th><th>Parameter #3</th><th>Parameter #4</th></tr><tr class="param stripe"><td>Test11</td><td>9834567856</td><td>Test@gmail.com</td><td>123456</td></tr></table><p class="totop"><a href="#summary">back to summary</a></p><h3 id="m23">Testcases.LoginTest#RegisterNewMemberWithDataProviderManualTest</h3><table class="result"><tr class="param"><th>Parameter #1</th><th>Parameter #2</th><th>Parameter #3</th><th>Parameter #4</th></tr><tr class="param stripe"><td>Test22</td><td>9834567856</td><td>Test@gmail.com</td><td>123456</td></tr></table><p class="totop"><a href="#summary">back to summary</a></p><h3 id="m24">Testcases.LoginTest#RegisterNewMemberWithDataProviderManualTest</h3><table class="result"><tr class="param"><th>Parameter #1</th><th>Parameter #2</th><th>Parameter #3</th><th>Parameter #4</th></tr><tr class="param stripe"><td>Payal</td><td>9834567856</td><td>payal@gmail.com</td><td>123456</td></tr></table><p class="totop"><a href="#summary">back to summary</a></p><h3 id="m25">Testcases.LoginTest#SignButtonEnableTest</h3><table class="result"></table><p class="totop"><a href="#summary">back to summary</a></p><h3 id="m26">Testcases.LoginTest#SignInButtonDisplayTest</h3><table class="result"></table><p class="totop"><a href="#summary">back to summary</a></p><h3 id="m27">Testcases.LoginTest#ValidLoginTest</h3><table class="result"></table><p class="totop"><a href="#summary">back to summary</a></p><h3 id="m28">Testcases.LoginTest#loginTest</h3><table class="result"></table><p class="totop"><a href="#summary">back to summary</a></p><h3 id="m29">Testcases.LoginTest#registerNewmemeberTest</h3><table class="result"></table><p class="totop"><a href="#summary">back to summary</a></p><h3 id="m30">Testcases.LogoutTest#logoutmessagetest</h3><table class="result"></table><p class="totop"><a href="#summary">back to summary</a></p><h3 id="m31">Testcases.OperatorTest#OperatorsHeadingTest</h3><table class="result"></table><p class="totop"><a href="#summary">back to summary</a></p><h3 id="m32">Testcases.OperatorTest#Operators_ListTest</h3><table class="result"></table><p class="totop"><a href="#summary">back to summary</a></p><h3 id="m33">Testcases.OperatorTest#ReadOperatorListTableTest</h3><table class="result"></table><p class="totop"><a href="#summary">back to summary</a></p><h3 id="m34">Testcases.UsersTest#AddUserButtonTest</h3><table class="result"></table><p class="totop"><a href="#summary">back to summary</a></p><h3 id="m35">Testcases.UsersTest#AddUserCancelButtonTest</h3><table class="result"></table><p class="totop"><a href="#summary">back to summary</a></p><h3 id="m36">Testcases.UsersTest#AddUserFormTest</h3><table class="result"></table><p class="totop"><a href="#summary">back to summary</a></p><h3 id="m37">Testcases.UsersTest#AddUserHeadingTest</h3><table class="result"></table><p class="totop"><a href="#summary">back to summary</a></p><h3 id="m38">Testcases.UsersTest#AddUserWithDataProviderExcelTest</h3><table class="result"><tr class="param"><th>Parameter #1</th><th>Parameter #2</th><th>Parameter #3</th><th>Parameter #4</th><th>Parameter #5</th><th>Parameter #6</th></tr><tr class="param stripe"><td>test11</td><td>2.345678456E9</td><td>test11@gmail.com</td><td>Male</td><td>Maharashtra</td><td>12345.0</td></tr></table><p class="totop"><a href="#summary">back to summary</a></p><h3 id="m39">Testcases.UsersTest#AddUserWithDataProviderExcelTest</h3><table class="result"><tr class="param"><th>Parameter #1</th><th>Parameter #2</th><th>Parameter #3</th><th>Parameter #4</th><th>Parameter #5</th><th>Parameter #6</th></tr><tr class="param stripe"><td>test22</td><td>2.345678456E9</td><td>test22@gmail.com</td><td>Female</td><td>Delhi</td><td>12345.0</td></tr></table><p class="totop"><a href="#summary">back to summary</a></p><h3 id="m40">Testcases.UsersTest#AddUserWithDataProviderExcelTest</h3><table class="result"><tr class="param"><th>Parameter #1</th><th>Parameter #2</th><th>Parameter #3</th><th>Parameter #4</th><th>Parameter #5</th><th>Parameter #6</th></tr><tr class="param stripe"><td>test33</td><td>2.345678456E9</td><td>test33@gmail.com</td><td>Male</td><td>HP</td><td>12345.0</td></tr></table><p class="totop"><a href="#summary">back to summary</a></p><h3 id="m41">Testcases.UsersTest#AddUserWithDataProviderExcelTest</h3><table class="result"><tr class="param"><th>Parameter #1</th><th>Parameter #2</th><th>Parameter #3</th><th>Parameter #4</th><th>Parameter #5</th><th>Parameter #6</th></tr><tr class="param stripe"><td>test44</td><td>2.345678456E9</td><td>test44@gmail.com</td><td>Female</td><td>Punjab</td><td>12345.0</td></tr></table><p class="totop"><a href="#summary">back to summary</a></p><h3 id="m42">Testcases.UsersTest#AddUserWithDataProviderManualTest</h3><table class="result"><tr class="param"><th>Parameter #1</th><th>Parameter #2</th><th>Parameter #3</th><th>Parameter #4</th><th>Parameter #5</th><th>Parameter #6</th></tr><tr class="param stripe"><td>Payal</td><td>9834567856</td><td>payal@gmail.com</td><td>Female</td><td>Delhi</td><td>123456</td></tr></table><p class="totop"><a href="#summary">back to summary</a></p><h3 id="m43">Testcases.UsersTest#AddUserWithDataProviderManualTest</h3><table class="result"><tr class="param"><th>Parameter #1</th><th>Parameter #2</th><th>Parameter #3</th><th>Parameter #4</th><th>Parameter #5</th><th>Parameter #6</th></tr><tr class="param stripe"><td>Test11</td><td>9834567856</td><td>Test@gmail.com</td><td>Male</td><td>HP</td><td>123456</td></tr></table><p class="totop"><a href="#summary">back to summary</a></p><h3 id="m44">Testcases.UsersTest#AddUserWithDataProviderManualTest</h3><table class="result"><tr class="param"><th>Parameter #1</th><th>Parameter #2</th><th>Parameter #3</th><th>Parameter #4</th><th>Parameter #5</th><th>Parameter #6</th></tr><tr class="param stripe"><td>Test22</td><td>9834567856</td><td>Test@gmail.com</td><td>Male</td><td>Punjab</td><td>123456</td></tr></table><p class="totop"><a href="#summary">back to summary</a></p><h3 id="m45">Testcases.UsersTest#AddUserWithDataProviderManualTest</h3><table class="result"><tr class="param"><th>Parameter #1</th><th>Parameter #2</th><th>Parameter #3</th><th>Parameter #4</th><th>Parameter #5</th><th>Parameter #6</th></tr><tr class="param stripe"><td>Test</td><td>9834567856</td><td>Test@gmail.com</td><td>Male</td><td>Maharashtra</td><td>123456</td></tr></table><p class="totop"><a href="#summary">back to summary</a></p><h3 id="m46">Testcases.UsersTest#AddValidUserTest</h3><table class="result"></table><p class="totop"><a href="#summary">back to summary</a></p><h3 id="m47">Testcases.UsersTest#ReadUserListTableDataTest</h3><table class="result"></table><p class="totop"><a href="#summary">back to summary</a></p><h3 id="m48">Testcases.UsersTest#StateOptionTest</h3><table class="result"></table><p class="totop"><a href="#summary">back to summary</a></p><h3 id="m49">Testcases.UsersTest#UserHeadingTest</h3><table class="result"></table><p class="totop"><a href="#summary">back to summary</a></p><h3 id="m50">Testcases.UsersTest#UserListHeadingTest</h3><table class="result"></table><p class="totop"><a href="#summary">back to summary</a></p></body></html>